<?xml version="1.0" encoding="UTF-8"?>
<!-- Generated by org.testng.reporters.JUnitReportReporter -->
<testsuite hostname="LAPTOP-P7DRFVS3" failures="0" tests="3" name="firsttestngpackage.FirstTestNGFile" time="5.915" errors="0" timestamp="2021-04-12T00:24:33 IST" skipped="0">
  <testcase classname="firsttestngpackage.FirstTestNGFile" name="b" time="0.109"/>
  <system-out/>
  <testcase classname="firsttestngpackage.FirstTestNGFile" name="a" time="0.005"/>
  <system-out/>
  <testcase classname="firsttestngpackage.FirstTestNGFile" name="VerifyTitle" time="5.801"/>
  <system-out/>
</testsuite> <!-- firsttestngpackage.FirstTestNGFile -->
